<?xml version="1.0" encoding="UTF-8" standalone="no"?><testsuite errors="0" failures="1" name="Sauce Labs App" skipped="0" tests="3" time="146.1" timestamp="2026-03-18 10:47:24"><testcase name="Validar carrito de compras"><failure message="❌ No se pudo seleccionar el producto: Sauce Labs Bolt - T-Shirt" type="java.lang.AssertionError">❌ No se pudo seleccionar el producto: Sauce Labs Bolt - T-Shirt</failure><system-err>❌ No se pudo seleccionar el producto: Sauce Labs Bolt - T-Shirt&#13;
com.nttdata.screens.SauceCatalogScreen.seleccionarProducto(SauceCatalogScreen.java:77)&#13;
com.nttdata.steps.SauceLabsCatalogSteps.agregarProducto(SauceLabsCatalogSteps.java:43)&#13;
com.nttdata.stepsdefinitions.SauceExamenStepDef.agregoUNIDADESDelSiguienteProducto(SauceExamenStepDef.java:37)&#13;
</system-err></testcase></testsuite>